{"total": {"lines":{"total":889,"covered":886,"skipped":0,"pct":99.66},"statements":{"total":889,"covered":886,"skipped":0,"pct":99.66},"functions":{"total":23,"covered":21,"skipped":0,"pct":91.3},"branches":{"total":259,"covered":253,"skipped":0,"pct":97.68},"branchesTrue":{"total":0,"covered":0,"skipped":0,"pct":100}}
,"C:\\AI_I2I\\CC\\my-capstone\\src\\app.ts": {"lines":{"total":22,"covered":22,"skipped":0,"pct":100},"functions":{"total":0,"covered":0,"skipped":0,"pct":100},"statements":{"total":22,"covered":22,"skipped":0,"pct":100},"branches":{"total":1,"covered":1,"skipped":0,"pct":100}}
,"C:\\AI_I2I\\CC\\my-capstone\\src\\lib\\db.ts": {"lines":{"total":6,"covered":6,"skipped":0,"pct":100},"functions":{"total":0,"covered":0,"skipped":0,"pct":100},"statements":{"total":6,"covered":6,"skipped":0,"pct":100},"branches":{"total":2,"covered":1,"skipped":0,"pct":50}}
,"C:\\AI_I2I\\CC\\my-capstone\\src\\lib\\env.ts": {"lines":{"total":9,"covered":9,"skipped":0,"pct":100},"functions":{"total":1,"covered":1,"skipped":0,"pct":100},"statements":{"total":9,"covered":9,"skipped":0,"pct":100},"branches":{"total":3,"covered":3,"skipped":0,"pct":100}}
,"C:\\AI_I2I\\CC\\my-capstone\\src\\lib\\auth\\jwt.ts": {"lines":{"total":18,"covered":18,"skipped":0,"pct":100},"functions":{"total":3,"covered":3,"skipped":0,"pct":100},"statements":{"total":18,"covered":18,"skipped":0,"pct":100},"branches":{"total":4,"covered":4,"skipped":0,"pct":100}}
,"C:\\AI_I2I\\CC\\my-capstone\\src\\lib\\auth\\password.ts": {"lines":{"total":7,"covered":7,"skipped":0,"pct":100},"functions":{"total":2,"covered":2,"skipped":0,"pct":100},"statements":{"total":7,"covered":7,"skipped":0,"pct":100},"branches":{"total":2,"covered":2,"skipped":0,"pct":100}}
,"C:\\AI_I2I\\CC\\my-capstone\\src\\lib\\crypto\\tokenEncryption.ts": {"lines":{"total":40,"covered":40,"skipped":0,"pct":100},"functions":{"total":3,"covered":3,"skipped":0,"pct":100},"statements":{"total":40,"covered":40,"skipped":0,"pct":100},"branches":{"total":6,"covered":6,"skipped":0,"pct":100}}
,"C:\\AI_I2I\\CC\\my-capstone\\src\\lib\\github\\client.ts": {"lines":{"total":26,"covered":26,"skipped":0,"pct":100},"functions":{"total":1,"covered":1,"skipped":0,"pct":100},"statements":{"total":26,"covered":26,"skipped":0,"pct":100},"branches":{"total":7,"covered":7,"skipped":0,"pct":100}}
,"C:\\AI_I2I\\CC\\my-capstone\\src\\lib\\github\\syncEngine.ts": {"lines":{"total":97,"covered":97,"skipped":0,"pct":100},"functions":{"total":3,"covered":3,"skipped":0,"pct":100},"statements":{"total":97,"covered":97,"skipped":0,"pct":100},"branches":{"total":28,"covered":28,"skipped":0,"pct":100}}
,"C:\\AI_I2I\\CC\\my-capstone\\src\\lib\\metrics\\transformers.ts": {"lines":{"total":108,"covered":108,"skipped":0,"pct":100},"functions":{"total":5,"covered":5,"skipped":0,"pct":100},"statements":{"total":108,"covered":108,"skipped":0,"pct":100},"branches":{"total":52,"covered":51,"skipped":0,"pct":98.07}}
,"C:\\AI_I2I\\CC\\my-capstone\\src\\lib\\validation\\schemas.ts": {"lines":{"total":28,"covered":28,"skipped":0,"pct":100},"functions":{"total":2,"covered":2,"skipped":0,"pct":100},"statements":{"total":28,"covered":28,"skipped":0,"pct":100},"branches":{"total":8,"covered":8,"skipped":0,"pct":100}}
,"C:\\AI_I2I\\CC\\my-capstone\\src\\middleware\\authenticate.ts": {"lines":{"total":49,"covered":49,"skipped":0,"pct":100},"functions":{"total":1,"covered":1,"skipped":0,"pct":100},"statements":{"total":49,"covered":49,"skipped":0,"pct":100},"branches":{"total":14,"covered":14,"skipped":0,"pct":100}}
,"C:\\AI_I2I\\CC\\my-capstone\\src\\routes\\auth.ts": {"lines":{"total":122,"covered":119,"skipped":0,"pct":97.54},"functions":{"total":2,"covered":0,"skipped":0,"pct":0},"statements":{"total":122,"covered":119,"skipped":0,"pct":97.54},"branches":{"total":19,"covered":16,"skipped":0,"pct":84.21}}
,"C:\\AI_I2I\\CC\\my-capstone\\src\\routes\\dashboard.ts": {"lines":{"total":62,"covered":62,"skipped":0,"pct":100},"functions":{"total":0,"covered":0,"skipped":0,"pct":100},"statements":{"total":62,"covered":62,"skipped":0,"pct":100},"branches":{"total":21,"covered":21,"skipped":0,"pct":100}}
,"C:\\AI_I2I\\CC\\my-capstone\\src\\routes\\metrics.ts": {"lines":{"total":106,"covered":106,"skipped":0,"pct":100},"functions":{"total":0,"covered":0,"skipped":0,"pct":100},"statements":{"total":106,"covered":106,"skipped":0,"pct":100},"branches":{"total":34,"covered":34,"skipped":0,"pct":100}}
,"C:\\AI_I2I\\CC\\my-capstone\\src\\routes\\repos.ts": {"lines":{"total":154,"covered":154,"skipped":0,"pct":100},"functions":{"total":0,"covered":0,"skipped":0,"pct":100},"statements":{"total":154,"covered":154,"skipped":0,"pct":100},"branches":{"total":50,"covered":49,"skipped":0,"pct":98}}
,"C:\\AI_I2I\\CC\\my-capstone\\src\\routes\\sync.ts": {"lines":{"total":35,"covered":35,"skipped":0,"pct":100},"functions":{"total":0,"covered":0,"skipped":0,"pct":100},"statements":{"total":35,"covered":35,"skipped":0,"pct":100},"branches":{"total":8,"covered":8,"skipped":0,"pct":100}}
}
